  Appliance.cpp
h:\year 2 v2\secure software\assignment 1\project2\project2\appliance.h(40): error C2143: syntax error: missing ';' before '<'
h:\year 2 v2\secure software\assignment 1\project2\project2\appliance.h(40): error C4430: missing type specifier - int assumed. Note: C++ does not support default-int
h:\year 2 v2\secure software\assignment 1\project2\project2\appliance.h(40): error C2238: unexpected token(s) preceding ';'
h:\year 2 v2\secure software\assignment 1\project2\project2\appliance.h(41): error C2143: syntax error: missing ';' before '<'
h:\year 2 v2\secure software\assignment 1\project2\project2\appliance.h(41): error C4430: missing type specifier - int assumed. Note: C++ does not support default-int
h:\year 2 v2\secure software\assignment 1\project2\project2\appliance.h(41): error C2238: unexpected token(s) preceding ';'
h:\year 2 v2\secure software\assignment 1\project2\project2\appliance.h(42): error C2143: syntax error: missing ';' before '<'
h:\year 2 v2\secure software\assignment 1\project2\project2\appliance.h(42): error C4430: missing type specifier - int assumed. Note: C++ does not support default-int
h:\year 2 v2\secure software\assignment 1\project2\project2\appliance.h(42): error C2238: unexpected token(s) preceding ';'
h:\year 2 v2\secure software\assignment 1\project2\project2\appliance.h(43): error C2143: syntax error: missing ';' before '<'
h:\year 2 v2\secure software\assignment 1\project2\project2\appliance.h(43): error C4430: missing type specifier - int assumed. Note: C++ does not support default-int
h:\year 2 v2\secure software\assignment 1\project2\project2\appliance.h(43): error C2238: unexpected token(s) preceding ';'
h:\year 2 v2\secure software\assignment 1\project2\project2\appliance.h(44): error C2143: syntax error: missing ';' before '<'
h:\year 2 v2\secure software\assignment 1\project2\project2\appliance.h(44): error C4430: missing type specifier - int assumed. Note: C++ does not support default-int
h:\year 2 v2\secure software\assignment 1\project2\project2\appliance.h(44): error C2238: unexpected token(s) preceding ';'
h:\year 2 v2\secure software\assignment 1\project2\project2\authenticator.h(8): error C3646: 'id': unknown override specifier
h:\year 2 v2\secure software\assignment 1\project2\project2\authenticator.h(8): error C4430: missing type specifier - int assumed. Note: C++ does not support default-int
h:\year 2 v2\secure software\assignment 1\project2\project2\authenticator.h(9): error C3646: 'password': unknown override specifier
h:\year 2 v2\secure software\assignment 1\project2\project2\authenticator.h(9): error C4430: missing type specifier - int assumed. Note: C++ does not support default-int
h:\year 2 v2\secure software\assignment 1\project2\project2\authenticator.h(13): error C3646: 'getId': unknown override specifier
h:\year 2 v2\secure software\assignment 1\project2\project2\authenticator.h(13): error C2059: syntax error: '('
h:\year 2 v2\secure software\assignment 1\project2\project2\authenticator.h(13): error C2238: unexpected token(s) preceding ';'
h:\year 2 v2\secure software\assignment 1\project2\project2\authenticator.h(14): error C3646: 'getPassword': unknown override specifier
h:\year 2 v2\secure software\assignment 1\project2\project2\authenticator.h(14): error C2059: syntax error: '('
h:\year 2 v2\secure software\assignment 1\project2\project2\authenticator.h(14): error C2238: unexpected token(s) preceding ';'
h:\year 2 v2\secure software\assignment 1\project2\project2\authenticator.h(26): error C2143: syntax error: missing ';' before '<'
h:\year 2 v2\secure software\assignment 1\project2\project2\authenticator.h(26): error C4430: missing type specifier - int assumed. Note: C++ does not support default-int
h:\year 2 v2\secure software\assignment 1\project2\project2\authenticator.h(26): error C2238: unexpected token(s) preceding ';'
h:\year 2 v2\secure software\assignment 1\project2\project2\authenticator.h(30): error C2061: syntax error: identifier 'string'
h:\year 2 v2\secure software\assignment 1\project2\project2\appliance.cpp(9): error C2065: 'name': undeclared identifier
h:\year 2 v2\secure software\assignment 1\project2\project2\appliance.cpp(9): error C2065: 'gasPHour': undeclared identifier
h:\year 2 v2\secure software\assignment 1\project2\project2\appliance.cpp(9): error C2065: 'elecPHour': undeclared identifier
h:\year 2 v2\secure software\assignment 1\project2\project2\appliance.cpp(9): error C2065: 'waterPHour': undeclared identifier
h:\year 2 v2\secure software\assignment 1\project2\project2\appliance.cpp(9): error C2065: 'state': undeclared identifier
h:\year 2 v2\secure software\assignment 1\project2\project2\appliance.cpp(10): error C2065: 'name': undeclared identifier
h:\year 2 v2\secure software\assignment 1\project2\project2\appliance.cpp(10): error C2065: 'gasPHour': undeclared identifier
h:\year 2 v2\secure software\assignment 1\project2\project2\appliance.cpp(10): error C2065: 'elecPHour': undeclared identifier
h:\year 2 v2\secure software\assignment 1\project2\project2\appliance.cpp(10): error C2065: 'waterPHour': undeclared identifier
h:\year 2 v2\secure software\assignment 1\project2\project2\appliance.cpp(10): error C2065: 'state': undeclared identifier
h:\year 2 v2\secure software\assignment 1\project2\project2\appliance.cpp(11): error C2065: 'name': undeclared identifier
h:\year 2 v2\secure software\assignment 1\project2\project2\appliance.cpp(11): error C2065: 'gasPHour': undeclared identifier
h:\year 2 v2\secure software\assignment 1\project2\project2\appliance.cpp(11): error C2065: 'elecPHour': undeclared identifier
h:\year 2 v2\secure software\assignment 1\project2\project2\appliance.cpp(11): error C2065: 'waterPHour': undeclared identifier
h:\year 2 v2\secure software\assignment 1\project2\project2\appliance.cpp(11): error C2065: 'state': undeclared identifier
h:\year 2 v2\secure software\assignment 1\project2\project2\appliance.cpp(12): error C2065: 'name': undeclared identifier
h:\year 2 v2\secure software\assignment 1\project2\project2\appliance.cpp(12): error C2065: 'gasPHour': undeclared identifier
h:\year 2 v2\secure software\assignment 1\project2\project2\appliance.cpp(12): error C2065: 'elecPHour': undeclared identifier
h:\year 2 v2\secure software\assignment 1\project2\project2\appliance.cpp(12): error C2065: 'waterPHour': undeclared identifier
h:\year 2 v2\secure software\assignment 1\project2\project2\appliance.cpp(12): error C2065: 'state': undeclared identifier
h:\year 2 v2\secure software\assignment 1\project2\project2\appliance.cpp(13): error C2065: 'name': undeclared identifier
h:\year 2 v2\secure software\assignment 1\project2\project2\appliance.cpp(13): error C2065: 'gasPHour': undeclared identifier
h:\year 2 v2\secure software\assignment 1\project2\project2\appliance.cpp(13): error C2065: 'elecPHour': undeclared identifier
h:\year 2 v2\secure software\assignment 1\project2\project2\appliance.cpp(13): error C2065: 'waterPHour': undeclared identifier
h:\year 2 v2\secure software\assignment 1\project2\project2\appliance.cpp(13): error C2065: 'state': undeclared identifier
h:\year 2 v2\secure software\assignment 1\project2\project2\appliance.cpp(14): error C2065: 'name': undeclared identifier
h:\year 2 v2\secure software\assignment 1\project2\project2\appliance.cpp(14): error C2065: 'gasPHour': undeclared identifier
h:\year 2 v2\secure software\assignment 1\project2\project2\appliance.cpp(14): error C2065: 'elecPHour': undeclared identifier
h:\year 2 v2\secure software\assignment 1\project2\project2\appliance.cpp(14): error C2065: 'waterPHour': undeclared identifier
h:\year 2 v2\secure software\assignment 1\project2\project2\appliance.cpp(14): error C2065: 'state': undeclared identifier
h:\year 2 v2\secure software\assignment 1\project2\project2\appliance.cpp(15): error C2065: 'name': undeclared identifier
h:\year 2 v2\secure software\assignment 1\project2\project2\appliance.cpp(15): error C2065: 'gasPHour': undeclared identifier
h:\year 2 v2\secure software\assignment 1\project2\project2\appliance.cpp(15): error C2065: 'elecPHour': undeclared identifier
h:\year 2 v2\secure software\assignment 1\project2\project2\appliance.cpp(15): error C2065: 'waterPHour': undeclared identifier
h:\year 2 v2\secure software\assignment 1\project2\project2\appliance.cpp(15): error C2065: 'state': undeclared identifier
h:\year 2 v2\secure software\assignment 1\project2\project2\appliance.cpp(16): error C2065: 'name': undeclared identifier
h:\year 2 v2\secure software\assignment 1\project2\project2\appliance.cpp(16): error C2065: 'gasPHour': undeclared identifier
h:\year 2 v2\secure software\assignment 1\project2\project2\appliance.cpp(16): error C2065: 'elecPHour': undeclared identifier
h:\year 2 v2\secure software\assignment 1\project2\project2\appliance.cpp(16): error C2065: 'waterPHour': undeclared identifier
h:\year 2 v2\secure software\assignment 1\project2\project2\appliance.cpp(16): error C2065: 'state': undeclared identifier
h:\year 2 v2\secure software\assignment 1\project2\project2\appliance.cpp(17): error C2065: 'name': undeclared identifier
h:\year 2 v2\secure software\assignment 1\project2\project2\appliance.cpp(17): error C2065: 'gasPHour': undeclared identifier
h:\year 2 v2\secure software\assignment 1\project2\project2\appliance.cpp(17): error C2065: 'elecPHour': undeclared identifier
h:\year 2 v2\secure software\assignment 1\project2\project2\appliance.cpp(17): error C2065: 'waterPHour': undeclared identifier
h:\year 2 v2\secure software\assignment 1\project2\project2\appliance.cpp(17): error C2065: 'state': undeclared identifier
h:\year 2 v2\secure software\assignment 1\project2\project2\appliance.cpp(18): error C2065: 'name': undeclared identifier
h:\year 2 v2\secure software\assignment 1\project2\project2\appliance.cpp(18): error C2065: 'gasPHour': undeclared identifier
h:\year 2 v2\secure software\assignment 1\project2\project2\appliance.cpp(18): error C2065: 'elecPHour': undeclared identifier
h:\year 2 v2\secure software\assignment 1\project2\project2\appliance.cpp(18): error C2065: 'waterPHour': undeclared identifier
h:\year 2 v2\secure software\assignment 1\project2\project2\appliance.cpp(18): error C2065: 'state': undeclared identifier
h:\year 2 v2\secure software\assignment 1\project2\project2\appliance.cpp(19): error C2065: 'name': undeclared identifier
h:\year 2 v2\secure software\assignment 1\project2\project2\appliance.cpp(19): error C2065: 'gasPHour': undeclared identifier
h:\year 2 v2\secure software\assignment 1\project2\project2\appliance.cpp(19): error C2065: 'elecPHour': undeclared identifier
h:\year 2 v2\secure software\assignment 1\project2\project2\appliance.cpp(19): error C2065: 'waterPHour': undeclared identifier
h:\year 2 v2\secure software\assignment 1\project2\project2\appliance.cpp(19): error C2065: 'state': undeclared identifier
h:\year 2 v2\secure software\assignment 1\project2\project2\appliance.cpp(20): error C2065: 'name': undeclared identifier
h:\year 2 v2\secure software\assignment 1\project2\project2\appliance.cpp(20): error C2065: 'gasPHour': undeclared identifier
h:\year 2 v2\secure software\assignment 1\project2\project2\appliance.cpp(20): error C2065: 'elecPHour': undeclared identifier
h:\year 2 v2\secure software\assignment 1\project2\project2\appliance.cpp(20): error C2065: 'waterPHour': undeclared identifier
h:\year 2 v2\secure software\assignment 1\project2\project2\appliance.cpp(20): error C2065: 'state': undeclared identifier
h:\year 2 v2\secure software\assignment 1\project2\project2\appliance.cpp(21): error C2065: 'name': undeclared identifier
h:\year 2 v2\secure software\assignment 1\project2\project2\appliance.cpp(21): error C2065: 'gasPHour': undeclared identifier
h:\year 2 v2\secure software\assignment 1\project2\project2\appliance.cpp(21): error C2065: 'elecPHour': undeclared identifier
h:\year 2 v2\secure software\assignment 1\project2\project2\appliance.cpp(21): error C2065: 'waterPHour': undeclared identifier
h:\year 2 v2\secure software\assignment 1\project2\project2\appliance.cpp(21): error C2065: 'state': undeclared identifier
h:\year 2 v2\secure software\assignment 1\project2\project2\appliance.cpp(22): error C2065: 'name': undeclared identifier
h:\year 2 v2\secure software\assignment 1\project2\project2\appliance.cpp(22): error C2065: 'gasPHour': undeclared identifier
h:\year 2 v2\secure software\assignment 1\project2\project2\appliance.cpp(22): error C2065: 'elecPHour': undeclared identifier
h:\year 2 v2\secure software\assignment 1\project2\project2\appliance.cpp(22): error C2065: 'waterPHour': undeclared identifier
h:\year 2 v2\secure software\assignment 1\project2\project2\appliance.cpp(22): error C2065: 'state': undeclared identifier
h:\year 2 v2\secure software\assignment 1\project2\project2\appliance.cpp(23): error C2065: 'name': undeclared identifier
h:\year 2 v2\secure software\assignment 1\project2\project2\appliance.cpp(23): error C2065: 'gasPHour': undeclared identifier
h:\year 2 v2\secure software\assignment 1\project2\project2\appliance.cpp(23): error C2065: 'elecPHour': undeclared identifier
h:\year 2 v2\secure software\assignment 1\project2\project2\appliance.cpp(23): error C2065: 'waterPHour': undeclared identifier
h:\year 2 v2\secure software\assignment 1\project2\project2\appliance.cpp(23): error C2065: 'state': undeclared identifier
h:\year 2 v2\secure software\assignment 1\project2\project2\appliance.cpp(24): error C2065: 'name': undeclared identifier
h:\year 2 v2\secure software\assignment 1\project2\project2\appliance.cpp(24): error C2065: 'gasPHour': undeclared identifier
h:\year 2 v2\secure software\assignment 1\project2\project2\appliance.cpp(24): error C2065: 'elecPHour': undeclared identifier
h:\year 2 v2\secure software\assignment 1\project2\project2\appliance.cpp(24): error C2065: 'waterPHour': undeclared identifier
h:\year 2 v2\secure software\assignment 1\project2\project2\appliance.cpp(24): error C2065: 'state': undeclared identifier
h:\year 2 v2\secure software\assignment 1\project2\project2\appliance.cpp(24): fatal error C1003: error count exceeds 100; stopping compilation
  Authenticator.cpp
h:\year 2 v2\secure software\assignment 1\project2\project2\authenticator.h(8): error C3646: 'id': unknown override specifier
h:\year 2 v2\secure software\assignment 1\project2\project2\authenticator.h(8): error C4430: missing type specifier - int assumed. Note: C++ does not support default-int
h:\year 2 v2\secure software\assignment 1\project2\project2\authenticator.h(9): error C3646: 'password': unknown override specifier
h:\year 2 v2\secure software\assignment 1\project2\project2\authenticator.h(9): error C4430: missing type specifier - int assumed. Note: C++ does not support default-int
h:\year 2 v2\secure software\assignment 1\project2\project2\authenticator.h(13): error C3646: 'getId': unknown override specifier
h:\year 2 v2\secure software\assignment 1\project2\project2\authenticator.h(13): error C2059: syntax error: '('
h:\year 2 v2\secure software\assignment 1\project2\project2\authenticator.h(13): error C2238: unexpected token(s) preceding ';'
h:\year 2 v2\secure software\assignment 1\project2\project2\authenticator.h(14): error C3646: 'getPassword': unknown override specifier
h:\year 2 v2\secure software\assignment 1\project2\project2\authenticator.h(14): error C2059: syntax error: '('
h:\year 2 v2\secure software\assignment 1\project2\project2\authenticator.h(14): error C2238: unexpected token(s) preceding ';'
h:\year 2 v2\secure software\assignment 1\project2\project2\authenticator.h(26): error C2143: syntax error: missing ';' before '<'
h:\year 2 v2\secure software\assignment 1\project2\project2\authenticator.h(26): error C4430: missing type specifier - int assumed. Note: C++ does not support default-int
h:\year 2 v2\secure software\assignment 1\project2\project2\authenticator.h(26): error C2238: unexpected token(s) preceding ';'
h:\year 2 v2\secure software\assignment 1\project2\project2\authenticator.h(30): error C2061: syntax error: identifier 'string'
h:\year 2 v2\secure software\assignment 1\project2\project2\appliance.h(40): error C2143: syntax error: missing ';' before '<'
h:\year 2 v2\secure software\assignment 1\project2\project2\appliance.h(40): error C4430: missing type specifier - int assumed. Note: C++ does not support default-int
h:\year 2 v2\secure software\assignment 1\project2\project2\appliance.h(40): error C2238: unexpected token(s) preceding ';'
h:\year 2 v2\secure software\assignment 1\project2\project2\appliance.h(41): error C2143: syntax error: missing ';' before '<'
h:\year 2 v2\secure software\assignment 1\project2\project2\appliance.h(41): error C4430: missing type specifier - int assumed. Note: C++ does not support default-int
h:\year 2 v2\secure software\assignment 1\project2\project2\appliance.h(41): error C2238: unexpected token(s) preceding ';'
h:\year 2 v2\secure software\assignment 1\project2\project2\appliance.h(42): error C2143: syntax error: missing ';' before '<'
h:\year 2 v2\secure software\assignment 1\project2\project2\appliance.h(42): error C4430: missing type specifier - int assumed. Note: C++ does not support default-int
h:\year 2 v2\secure software\assignment 1\project2\project2\appliance.h(42): error C2238: unexpected token(s) preceding ';'
h:\year 2 v2\secure software\assignment 1\project2\project2\appliance.h(43): error C2143: syntax error: missing ';' before '<'
h:\year 2 v2\secure software\assignment 1\project2\project2\appliance.h(43): error C4430: missing type specifier - int assumed. Note: C++ does not support default-int
h:\year 2 v2\secure software\assignment 1\project2\project2\appliance.h(43): error C2238: unexpected token(s) preceding ';'
h:\year 2 v2\secure software\assignment 1\project2\project2\appliance.h(44): error C2143: syntax error: missing ';' before '<'
h:\year 2 v2\secure software\assignment 1\project2\project2\appliance.h(44): error C4430: missing type specifier - int assumed. Note: C++ does not support default-int
h:\year 2 v2\secure software\assignment 1\project2\project2\appliance.h(44): error C2238: unexpected token(s) preceding ';'
h:\year 2 v2\secure software\assignment 1\project2\project2\authenticator.cpp(16): error C2039: 'getId': is not a member of 'Subject'
  h:\year 2 v2\secure software\assignment 1\project2\project2\authenticator.h(5): note: see declaration of 'Subject'
h:\year 2 v2\secure software\assignment 1\project2\project2\authenticator.cpp(16): error C2065: 'id': undeclared identifier
h:\year 2 v2\secure software\assignment 1\project2\project2\authenticator.cpp(17): error C2039: 'getPassword': is not a member of 'Subject'
  h:\year 2 v2\secure software\assignment 1\project2\project2\authenticator.h(5): note: see declaration of 'Subject'
h:\year 2 v2\secure software\assignment 1\project2\project2\authenticator.cpp(17): error C2065: 'password': undeclared identifier
h:\year 2 v2\secure software\assignment 1\project2\project2\authenticator.cpp(21): error C2065: 'id': undeclared identifier
h:\year 2 v2\secure software\assignment 1\project2\project2\authenticator.cpp(26): error C2065: 'password': undeclared identifier
h:\year 2 v2\secure software\assignment 1\project2\project2\authenticator.cpp(37): error C2065: 'Users': undeclared identifier
h:\year 2 v2\secure software\assignment 1\project2\project2\authenticator.cpp(38): error C2065: 'Users': undeclared identifier
h:\year 2 v2\secure software\assignment 1\project2\project2\authenticator.cpp(42): error C2511: 'bool AuthenticationInfo::validateUser(std::string,std::string)': overloaded member function not found in 'AuthenticationInfo'
  h:\year 2 v2\secure software\assignment 1\project2\project2\authenticator.h(21): note: see declaration of 'AuthenticationInfo'
h:\year 2 v2\secure software\assignment 1\project2\project2\authenticator.cpp(46): error C2065: 'Users': undeclared identifier
h:\year 2 v2\secure software\assignment 1\project2\project2\authenticator.cpp(47): error C2065: 'Users': undeclared identifier
h:\year 2 v2\secure software\assignment 1\project2\project2\authenticator.cpp(62): error C2039: 'getId': is not a member of 'Subject'
  h:\year 2 v2\secure software\assignment 1\project2\project2\authenticator.h(5): note: see declaration of 'Subject'
h:\year 2 v2\secure software\assignment 1\project2\project2\authenticator.cpp(63): error C2039: 'getPassword': is not a member of 'Subject'
  h:\year 2 v2\secure software\assignment 1\project2\project2\authenticator.h(5): note: see declaration of 'Subject'
h:\year 2 v2\secure software\assignment 1\project2\project2\authenticator.cpp(65): error C2660: 'AuthenticationInfo::validateUser': function does not take 2 arguments
  h:\year 2 v2\secure software\assignment 1\project2\project2\authenticator.h(30): note: see declaration of 'AuthenticationInfo::validateUser'
h:\year 2 v2\secure software\assignment 1\project2\project2\authenticator.cpp(67): error C2039: 'getId': is not a member of 'Subject'
  h:\year 2 v2\secure software\assignment 1\project2\project2\authenticator.h(5): note: see declaration of 'Subject'
  SmartMeter.cpp
h:\year 2 v2\secure software\assignment 1\project2\project2\smartmeter.h(11): error C3646: 'mainMenu': unknown override specifier
h:\year 2 v2\secure software\assignment 1\project2\project2\smartmeter.h(11): error C2059: syntax error: '('
h:\year 2 v2\secure software\assignment 1\project2\project2\smartmeter.h(11): error C2238: unexpected token(s) preceding ';'
h:\year 2 v2\secure software\assignment 1\project2\project2\appliance.h(40): error C2143: syntax error: missing ';' before '<'
h:\year 2 v2\secure software\assignment 1\project2\project2\appliance.h(40): error C4430: missing type specifier - int assumed. Note: C++ does not support default-int
h:\year 2 v2\secure software\assignment 1\project2\project2\appliance.h(40): error C2238: unexpected token(s) preceding ';'
h:\year 2 v2\secure software\assignment 1\project2\project2\appliance.h(41): error C2143: syntax error: missing ';' before '<'
h:\year 2 v2\secure software\assignment 1\project2\project2\appliance.h(41): error C4430: missing type specifier - int assumed. Note: C++ does not support default-int
h:\year 2 v2\secure software\assignment 1\project2\project2\appliance.h(41): error C2238: unexpected token(s) preceding ';'
h:\year 2 v2\secure software\assignment 1\project2\project2\appliance.h(42): error C2143: syntax error: missing ';' before '<'
h:\year 2 v2\secure software\assignment 1\project2\project2\appliance.h(42): error C4430: missing type specifier - int assumed. Note: C++ does not support default-int
h:\year 2 v2\secure software\assignment 1\project2\project2\appliance.h(42): error C2238: unexpected token(s) preceding ';'
h:\year 2 v2\secure software\assignment 1\project2\project2\appliance.h(43): error C2143: syntax error: missing ';' before '<'
h:\year 2 v2\secure software\assignment 1\project2\project2\appliance.h(43): error C4430: missing type specifier - int assumed. Note: C++ does not support default-int
h:\year 2 v2\secure software\assignment 1\project2\project2\appliance.h(43): error C2238: unexpected token(s) preceding ';'
h:\year 2 v2\secure software\assignment 1\project2\project2\appliance.h(44): error C2143: syntax error: missing ';' before '<'
h:\year 2 v2\secure software\assignment 1\project2\project2\appliance.h(44): error C4430: missing type specifier - int assumed. Note: C++ does not support default-int
h:\year 2 v2\secure software\assignment 1\project2\project2\appliance.h(44): error C2238: unexpected token(s) preceding ';'
h:\year 2 v2\secure software\assignment 1\project2\project2\authenticator.h(8): error C3646: 'id': unknown override specifier
h:\year 2 v2\secure software\assignment 1\project2\project2\authenticator.h(8): error C4430: missing type specifier - int assumed. Note: C++ does not support default-int
h:\year 2 v2\secure software\assignment 1\project2\project2\authenticator.h(9): error C3646: 'password': unknown override specifier
h:\year 2 v2\secure software\assignment 1\project2\project2\authenticator.h(9): error C4430: missing type specifier - int assumed. Note: C++ does not support default-int
h:\year 2 v2\secure software\assignment 1\project2\project2\authenticator.h(13): error C3646: 'getId': unknown override specifier
h:\year 2 v2\secure software\assignment 1\project2\project2\authenticator.h(13): error C2059: syntax error: '('
h:\year 2 v2\secure software\assignment 1\project2\project2\authenticator.h(13): error C2238: unexpected token(s) preceding ';'
h:\year 2 v2\secure software\assignment 1\project2\project2\authenticator.h(14): error C3646: 'getPassword': unknown override specifier
h:\year 2 v2\secure software\assignment 1\project2\project2\authenticator.h(14): error C2059: syntax error: '('
h:\year 2 v2\secure software\assignment 1\project2\project2\authenticator.h(14): error C2238: unexpected token(s) preceding ';'
h:\year 2 v2\secure software\assignment 1\project2\project2\authenticator.h(26): error C2143: syntax error: missing ';' before '<'
h:\year 2 v2\secure software\assignment 1\project2\project2\authenticator.h(26): error C4430: missing type specifier - int assumed. Note: C++ does not support default-int
h:\year 2 v2\secure software\assignment 1\project2\project2\authenticator.h(26): error C2238: unexpected token(s) preceding ';'
h:\year 2 v2\secure software\assignment 1\project2\project2\authenticator.h(30): error C2061: syntax error: identifier 'string'
h:\year 2 v2\secure software\assignment 1\project2\project2\smartmeter.cpp(111): error C2039: 'mainMenu': is not a member of 'SmartMeter'
  h:\year 2 v2\secure software\assignment 1\project2\project2\smartmeter.h(3): note: see declaration of 'SmartMeter'
h:\year 2 v2\secure software\assignment 1\project2\project2\smartmeter.cpp(148): error C2355: 'this': can only be referenced inside non-static member functions or non-static data member initializers
h:\year 2 v2\secure software\assignment 1\project2\project2\smartmeter.cpp(172): error C2039: 'getId': is not a member of 'Subject'
  h:\year 2 v2\secure software\assignment 1\project2\project2\authenticator.h(5): note: see declaration of 'Subject'
h:\year 2 v2\secure software\assignment 1\project2\project2\smartmeter.cpp(188): error C3861: 'applianceMode': identifier not found
  Source.cpp
h:\year 2 v2\secure software\assignment 1\project2\project2\authenticator.h(8): error C3646: 'id': unknown override specifier
h:\year 2 v2\secure software\assignment 1\project2\project2\authenticator.h(8): error C4430: missing type specifier - int assumed. Note: C++ does not support default-int
h:\year 2 v2\secure software\assignment 1\project2\project2\authenticator.h(9): error C3646: 'password': unknown override specifier
h:\year 2 v2\secure software\assignment 1\project2\project2\authenticator.h(9): error C4430: missing type specifier - int assumed. Note: C++ does not support default-int
h:\year 2 v2\secure software\assignment 1\project2\project2\authenticator.h(13): error C3646: 'getId': unknown override specifier
h:\year 2 v2\secure software\assignment 1\project2\project2\authenticator.h(13): error C2059: syntax error: '('
h:\year 2 v2\secure software\assignment 1\project2\project2\authenticator.h(13): error C2238: unexpected token(s) preceding ';'
h:\year 2 v2\secure software\assignment 1\project2\project2\authenticator.h(14): error C3646: 'getPassword': unknown override specifier
h:\year 2 v2\secure software\assignment 1\project2\project2\authenticator.h(14): error C2059: syntax error: '('
h:\year 2 v2\secure software\assignment 1\project2\project2\authenticator.h(14): error C2238: unexpected token(s) preceding ';'
h:\year 2 v2\secure software\assignment 1\project2\project2\authenticator.h(26): error C2143: syntax error: missing ';' before '<'
h:\year 2 v2\secure software\assignment 1\project2\project2\authenticator.h(26): error C4430: missing type specifier - int assumed. Note: C++ does not support default-int
h:\year 2 v2\secure software\assignment 1\project2\project2\authenticator.h(26): error C2238: unexpected token(s) preceding ';'
h:\year 2 v2\secure software\assignment 1\project2\project2\authenticator.h(30): error C2061: syntax error: identifier 'string'
h:\year 2 v2\secure software\assignment 1\project2\project2\appliance.h(40): error C2143: syntax error: missing ';' before '<'
h:\year 2 v2\secure software\assignment 1\project2\project2\appliance.h(40): error C4430: missing type specifier - int assumed. Note: C++ does not support default-int
h:\year 2 v2\secure software\assignment 1\project2\project2\appliance.h(40): error C2238: unexpected token(s) preceding ';'
h:\year 2 v2\secure software\assignment 1\project2\project2\appliance.h(41): error C2143: syntax error: missing ';' before '<'
h:\year 2 v2\secure software\assignment 1\project2\project2\appliance.h(41): error C4430: missing type specifier - int assumed. Note: C++ does not support default-int
h:\year 2 v2\secure software\assignment 1\project2\project2\appliance.h(41): error C2238: unexpected token(s) preceding ';'
h:\year 2 v2\secure software\assignment 1\project2\project2\appliance.h(42): error C2143: syntax error: missing ';' before '<'
h:\year 2 v2\secure software\assignment 1\project2\project2\appliance.h(42): error C4430: missing type specifier - int assumed. Note: C++ does not support default-int
h:\year 2 v2\secure software\assignment 1\project2\project2\appliance.h(42): error C2238: unexpected token(s) preceding ';'
h:\year 2 v2\secure software\assignment 1\project2\project2\appliance.h(43): error C2143: syntax error: missing ';' before '<'
h:\year 2 v2\secure software\assignment 1\project2\project2\appliance.h(43): error C4430: missing type specifier - int assumed. Note: C++ does not support default-int
h:\year 2 v2\secure software\assignment 1\project2\project2\appliance.h(43): error C2238: unexpected token(s) preceding ';'
h:\year 2 v2\secure software\assignment 1\project2\project2\appliance.h(44): error C2143: syntax error: missing ';' before '<'
h:\year 2 v2\secure software\assignment 1\project2\project2\appliance.h(44): error C4430: missing type specifier - int assumed. Note: C++ does not support default-int
h:\year 2 v2\secure software\assignment 1\project2\project2\appliance.h(44): error C2238: unexpected token(s) preceding ';'
h:\year 2 v2\secure software\assignment 1\project2\project2\source.cpp(64): error C2059: syntax error: '}'
  Generating Code...
